<?xml version="1.0" encoding="utf-8"?><testsuites name="pytest tests"><testsuite name="pytest" errors="0" failures="0" skipped="0" tests="12" time="2.728" timestamp="2026-05-15T20:03:22.953008+00:00" hostname="agent-env-35988b2b-ce79-4d4a-9e48-32e0d1946c21"><testcase classname="backend.tests.test_factor_dopamina" name="test_list_published_courses_has_5" time="0.205" /><testcase classname="backend.tests.test_factor_dopamina" name="test_list_featured_courses" time="0.093" /><testcase classname="backend.tests.test_factor_dopamina" name="test_get_course_by_slug_disciplina" time="0.083" /><testcase classname="backend.tests.test_factor_dopamina" name="test_get_course_invalid_slug_404" time="0.084" /><testcase classname="backend.tests.test_factor_dopamina" name="test_login_wrong_password_401" time="0.314" /><testcase classname="backend.tests.test_factor_dopamina" name="test_login_sets_cookie_and_token" time="0.315" /><testcase classname="backend.tests.test_factor_dopamina" name="test_me_with_bearer" time="0.405" /><testcase classname="backend.tests.test_factor_dopamina" name="test_me_without_auth_401" time="0.208" /><testcase classname="backend.tests.test_factor_dopamina" name="test_admin_courses_without_auth_401" time="0.244" /><testcase classname="backend.tests.test_factor_dopamina" name="test_admin_list_all_courses" time="0.087" /><testcase classname="backend.tests.test_factor_dopamina" name="test_admin_crud_course" time="0.518" /><testcase classname="backend.tests.test_factor_dopamina" name="test_contact_submit" time="0.085" /></testsuite></testsuites>